<?xml version="1.0" encoding="UTF-8"?>
<!-- Generated by org.testng.reporters.JUnitXMLReporter -->
<testsuite ignored="0" hostname="DESKTOP-EVK9GMC" failures="0" tests="3" name="Test" time="118.109" errors="0" timestamp="2021-02-02T19:49:49 IST">
  <testcase classname="testNg.BaseTest" name="@BeforeMethod openApp" time="37.866">
    <failure type="org.openqa.selenium.WebDriverException" message="chrome not reachable
  (Session info: chrome=88.0.4324.104)
Build info: version: &amp;apos;3.141.59&amp;apos;, revision: &amp;apos;e82be7d358&amp;apos;, time: &amp;apos;2018-11-14T08:25:53&amp;apos;
System info: host: &amp;apos;DESKTOP-EVK9GMC&amp;apos;, ip: &amp;apos;192.168.0.103&amp;apos;, os.name: &amp;apos;Windows 10&amp;apos;, os.arch: &amp;apos;amd64&amp;apos;, os.version: &amp;apos;10.0&amp;apos;, java.version: &amp;apos;14.0.2&amp;apos;
Driver info: org.openqa.selenium.chrome.ChromeDriver
Capabilities {acceptInsecureCerts: false, browserName: chrome, browserVersion: 88.0.4324.104, chrome: {chromedriverVersion: 87.0.4280.20 (c99e81631faa0..., userDataDir: C:\Users\QSP\AppData\Local\...}, goog:chromeOptions: {debuggerAddress: localhost:61340}, javascriptEnabled: true, networkConnectionEnabled: false, pageLoadStrategy: normal, platform: WINDOWS, platformName: WINDOWS, proxy: Proxy(), setWindowRect: true, strictFileInteractability: false, timeouts: {implicit: 0, pageLoad: 300000, script: 30000}, unhandledPromptBehavior: dismiss and notify, webauthn:virtualAuthenticators: true}
Session ID: 6e8f73bbfb57df8a0fb05c8908a2ac89">
      <![CDATA[org.openqa.selenium.WebDriverException: chrome not reachable
  (Session info: chrome=88.0.4324.104)
Build info: version: '3.141.59', revision: 'e82be7d358', time: '2018-11-14T08:25:53'
System info: host: 'DESKTOP-EVK9GMC', ip: '192.168.0.103', os.name: 'Windows 10', os.arch: 'amd64', os.version: '10.0', java.version: '14.0.2'
Driver info: org.openqa.selenium.chrome.ChromeDriver
Capabilities {acceptInsecureCerts: false, browserName: chrome, browserVersion: 88.0.4324.104, chrome: {chromedriverVersion: 87.0.4280.20 (c99e81631faa0..., userDataDir: C:\Users\QSP\AppData\Local\...}, goog:chromeOptions: {debuggerAddress: localhost:61340}, javascriptEnabled: true, networkConnectionEnabled: false, pageLoadStrategy: normal, platform: WINDOWS, platformName: WINDOWS, proxy: Proxy(), setWindowRect: true, strictFileInteractability: false, timeouts: {implicit: 0, pageLoad: 300000, script: 30000}, unhandledPromptBehavior: dismiss and notify, webauthn:virtualAuthenticators: true}
Session ID: 6e8f73bbfb57df8a0fb05c8908a2ac89
at org.openqa.selenium.remote.http.W3CHttpResponseCodec.createException(W3CHttpResponseCodec.java:187)
at org.openqa.selenium.remote.http.W3CHttpResponseCodec.decode(W3CHttpResponseCodec.java:122)
at org.openqa.selenium.remote.http.W3CHttpResponseCodec.decode(W3CHttpResponseCodec.java:49)
at org.openqa.selenium.remote.HttpCommandExecutor.execute(HttpCommandExecutor.java:158)
at org.openqa.selenium.remote.service.DriverCommandExecutor.execute(DriverCommandExecutor.java:83)
at org.openqa.selenium.remote.RemoteWebDriver.execute(RemoteWebDriver.java:552)
at org.openqa.selenium.remote.RemoteWebDriver.get(RemoteWebDriver.java:277)
at testNg.BaseTest.openApp(BaseTest.java:17)
at java.base/java.util.ArrayList.forEach(ArrayList.java:1511)
... Removed 36 stack frames]]>
    </failure>
  </testcase> <!-- @BeforeMethod openApp -->
  <testcase classname="testNg.BaseTest" name="@AfterMethod closeApp" time="-1.612275575116E9">
    <skipped/>
  </testcase> <!-- @AfterMethod closeApp -->
  <testcase classname="testNg.BaseTest" name="@BeforeMethod openApp" time="14.137">
    <failure type="org.openqa.selenium.SessionNotCreatedException" message="session not created
from chrome not reachable
  (Session info: chrome=88.0.4324.104)
Build info: version: &amp;apos;3.141.59&amp;apos;, revision: &amp;apos;e82be7d358&amp;apos;, time: &amp;apos;2018-11-14T08:25:53&amp;apos;
System info: host: &amp;apos;DESKTOP-EVK9GMC&amp;apos;, ip: &amp;apos;192.168.0.103&amp;apos;, os.name: &amp;apos;Windows 10&amp;apos;, os.arch: &amp;apos;amd64&amp;apos;, os.version: &amp;apos;10.0&amp;apos;, java.version: &amp;apos;14.0.2&amp;apos;
Driver info: driver.version: ChromeDriver
remote stacktrace: Backtrace:
	Ordinal0 [0x0107ECE3+3337443]
	Ordinal0 [0x00F5F041+2158657]
	Ordinal0 [0x00DE6E50+618064]
	Ordinal0 [0x00DDD114+577812]
	Ordinal0 [0x00DDD7DB+579547]
	Ordinal0 [0x00DDEA45+584261]
	Ordinal0 [0x00DD9A71+563825]
	Ordinal0 [0x00DE7FD0+622544]
	Ordinal0 [0x00D86B2D+224045]
	Ordinal0 [0x00D85BFC+220156]
	Ordinal0 [0x00D8181B+202779]
	Ordinal0 [0x00D63D74+81268]
	Ordinal0 [0x00D64D6E+85358]
	Ordinal0 [0x00D64CF9+85241]
	Ordinal0 [0x00F76F2C+2256684]
	GetHandleVerifier [0x01202FAC+1478332]
	GetHandleVerifier [0x01202AFD+1477133]
	GetHandleVerifier [0x0120AAD8+1509864]
	GetHandleVerifier [0x0120369E+1480110]
	Ordinal0 [0x00F6D6BD+2217661]
	Ordinal0 [0x00F789AB+2263467]
	Ordinal0 [0x00F78AEF+2263791]
	Ordinal0 [0x00F8D363+2347875]
	BaseThreadInitThunk [0x75A56359+25]
	RtlGetAppContainerNamedObjectPath [0x77E58944+228]
	RtlGetAppContainerNamedObjectPath [0x77E58914+180]
">
      <![CDATA[org.openqa.selenium.SessionNotCreatedException: session not created
from chrome not reachable
  (Session info: chrome=88.0.4324.104)
Build info: version: '3.141.59', revision: 'e82be7d358', time: '2018-11-14T08:25:53'
System info: host: 'DESKTOP-EVK9GMC', ip: '192.168.0.103', os.name: 'Windows 10', os.arch: 'amd64', os.version: '10.0', java.version: '14.0.2'
Driver info: driver.version: ChromeDriver
remote stacktrace: Backtrace:
Ordinal0 [0x0107ECE3+3337443]
Ordinal0 [0x00F5F041+2158657]
Ordinal0 [0x00DE6E50+618064]
Ordinal0 [0x00DDD114+577812]
Ordinal0 [0x00DDD7DB+579547]
Ordinal0 [0x00DDEA45+584261]
Ordinal0 [0x00DD9A71+563825]
Ordinal0 [0x00DE7FD0+622544]
Ordinal0 [0x00D86B2D+224045]
Ordinal0 [0x00D85BFC+220156]
Ordinal0 [0x00D8181B+202779]
Ordinal0 [0x00D63D74+81268]
Ordinal0 [0x00D64D6E+85358]
Ordinal0 [0x00D64CF9+85241]
Ordinal0 [0x00F76F2C+2256684]
GetHandleVerifier [0x01202FAC+1478332]
GetHandleVerifier [0x01202AFD+1477133]
GetHandleVerifier [0x0120AAD8+1509864]
GetHandleVerifier [0x0120369E+1480110]
Ordinal0 [0x00F6D6BD+2217661]
Ordinal0 [0x00F789AB+2263467]
Ordinal0 [0x00F78AEF+2263791]
Ordinal0 [0x00F8D363+2347875]
BaseThreadInitThunk [0x75A56359+25]
RtlGetAppContainerNamedObjectPath [0x77E58944+228]
RtlGetAppContainerNamedObjectPath [0x77E58914+180]

at org.openqa.selenium.remote.W3CHandshakeResponse.lambda$errorHandler$0(W3CHandshakeResponse.java:62)
at org.openqa.selenium.remote.HandshakeResponse.lambda$getResponseFunction$0(HandshakeResponse.java:30)
at org.openqa.selenium.remote.ProtocolHandshake.lambda$createSession$0(ProtocolHandshake.java:126)
at java.base/java.util.stream.ReferencePipeline$3$1.accept(ReferencePipeline.java:195)
at java.base/java.util.Spliterators$ArraySpliterator.tryAdvance(Spliterators.java:958)
at java.base/java.util.stream.ReferencePipeline.forEachWithCancel(ReferencePipeline.java:127)
at java.base/java.util.stream.AbstractPipeline.copyIntoWithCancel(AbstractPipeline.java:502)
at java.base/java.util.stream.AbstractPipeline.copyInto(AbstractPipeline.java:488)
at java.base/java.util.stream.AbstractPipeline.wrapAndCopyInto(AbstractPipeline.java:474)
at java.base/java.util.stream.FindOps$FindOp.evaluateSequential(FindOps.java:150)
at java.base/java.util.stream.AbstractPipeline.evaluate(AbstractPipeline.java:234)
at java.base/java.util.stream.ReferencePipeline.findFirst(ReferencePipeline.java:543)
at org.openqa.selenium.remote.ProtocolHandshake.createSession(ProtocolHandshake.java:128)
at org.openqa.selenium.remote.ProtocolHandshake.createSession(ProtocolHandshake.java:74)
at org.openqa.selenium.remote.HttpCommandExecutor.execute(HttpCommandExecutor.java:136)
at org.openqa.selenium.remote.service.DriverCommandExecutor.execute(DriverCommandExecutor.java:83)
at org.openqa.selenium.remote.RemoteWebDriver.execute(RemoteWebDriver.java:552)
at org.openqa.selenium.remote.RemoteWebDriver.startSession(RemoteWebDriver.java:213)
at org.openqa.selenium.remote.RemoteWebDriver.<init>(RemoteWebDriver.java:131)
at org.openqa.selenium.chrome.ChromeDriver.<init>(ChromeDriver.java:181)
at org.openqa.selenium.chrome.ChromeDriver.<init>(ChromeDriver.java:168)
at org.openqa.selenium.chrome.ChromeDriver.<init>(ChromeDriver.java:123)
at testNg.BaseTest.openApp(BaseTest.java:15)
at java.base/java.util.ArrayList.forEach(ArrayList.java:1511)
... Removed 36 stack frames]]>
    </failure>
  </testcase> <!-- @BeforeMethod openApp -->
  <testcase classname="testNg.BaseTest" name="@AfterMethod closeApp" time="-1.612275589273E9">
    <skipped/>
  </testcase> <!-- @AfterMethod closeApp -->
  <testcase classname="testNg.Testcase2" name="testcase2" time="12.776"/>
  <testcase classname="testNg.Testcase1" name="login" time="0.0">
    <skipped/>
  </testcase> <!-- login -->
  <testcase classname="testNg.Testcase3" name="tc3" time="0.0">
    <skipped/>
  </testcase> <!-- tc3 -->
</testsuite> <!-- Test -->
